
        SystemC 3.0.1-Accellera --- May 15 2026 07:47:57
        Copyright (c) 1996-2024 by all Contributors,
        ALL RIGHTS RESERVED

================================================
  USART2 PERFORMANCE TESTS (PERF-001..004)
================================================
PERF-001: 32-byte A→B throughput (no loss)
  total events=0x00000060
[PASS] PERF-001 32-byte throughput: no data loss
PERF-002: TBIR arrives within first WFI after TBUF write
[PASS] PERF-002 TBIR arrives within 1 WFI of TBUF write
PERF-003: RIR follows TBIR on all 16 transfers
  ordering violation byte 0x00000009
=[ core : 0 ]===========================
simulation time: 713030 ns
zero (x0) =        0
ra   (x1) = 800007a8
sp   (x2) = 80fdffd0
gp   (x3) =        0
tp   (x4) =        0
t0   (x5) = 800017d4
t1   (x6) = 800017d4
t2   (x7) =        0
s0/fp(x8) =        a
s1   (x9) =       7e
a0  (x10) =       82
a1  (x11) =        2
a2  (x12) =        4
a3  (x13) = 800011c4
a4  (x14) =       80
a5  (x15) =       50
a6  (x16) =        0
a7  (x17) =        0
s2  (x18) =  9002004
s3  (x19) =  9003008
s4  (x20) = 800011c4
s5  (x21) =       10
s6  (x22) =        0
s7  (x23) =        0
s8  (x24) = 80000a80
s9  (x25) = 80000d50
s10 (x26) =       80
s11 (x27) =        0
t3  (x28) =        0
t4  (x29) =        0
t5  (x30) =        0
t6  (x31) =        0
pc = 800000e6
num-instr = 18961
num-cycles (mcycle) = 44017
