
        SystemC 3.0.1-Accellera --- May 15 2026 07:47:57
        Copyright (c) 1996-2024 by all Contributors,
        ALL RIGHTS RESERVED

================================================
  USART2 STRESS TESTS (STR-001..003)
================================================
STR-001: 100 sequential A→B bytes (pattern 0x00..0x63)
=[ core : 0 ]===========================
simulation time: 650190 ns
zero (x0) =        0
ra   (x1) = 800005f8
sp   (x2) = 80fdffd0
gp   (x3) =        0
tp   (x4) =        0
t0   (x5) = 800015f4
t1   (x6) = 800015f4
t2   (x7) =        0
s0/fp(x8) =       2b
s1   (x9) =        0
a0  (x10) =       82
a1  (x11) =        2
a2  (x12) =        0
a3  (x13) = 80000fe4
a4  (x14) =       80
a5  (x15) =       50
a6  (x16) =        0
a7  (x17) =        0
s2  (x18) =  9002004
s3  (x19) =       2a
s4  (x20) =  9003008
s5  (x21) = 80000fe4
s6  (x22) =       64
s7  (x23) =        5
s8  (x24) = 80000b00
s9  (x25) = 80000b04
s10 (x26) =        0
s11 (x27) =        0
t3  (x28) =        0
t4  (x29) =        0
t5  (x30) =        0
t6  (x31) =        0
pc = 800000e6
num-instr = 16991
num-cycles (mcycle) = 40082
