
        SystemC 3.0.1-Accellera --- May 15 2026 07:47:57
        Copyright (c) 1996-2024 by all Contributors,
        ALL RIGHTS RESERVED

================================================
  USART2 ADVANCED TESTS (ADV-001..006)
================================================
ADV-001: EIR suppressed when OEN=0
[PASS] ADV-001 EIR correctly suppressed when OEN=0
ADV-002: EIR fires when OEN=1 and overrun occurs
[PASS] ADV-002 EIR correctly fires when OEN=1 on overrun
ADV-003: Overrun recovery — drain RBUF, next byte RIR fires
  drained RBUF_B=0x000000C1
[PASS] ADV-003 Overrun recovery: RIR fires + correct data after drain
ADV-004: Simultaneous bidirectional transfer A→B and B→A
[PASS] ADV-004 Bidirectional: both bytes correct, all 4 interrupts present
ADV-005: STATUS can hold multiple bits (TBIR + TIR)
[PASS] ADV-005 STATUS shows TBIR+TIR simultaneously set
ADV-006: RBUF data persists across non-destructive accesses
  read1=0x000000F7  read2=0x000000F7
[FINDING] ADV-006
  Spec     : Spec: RBUF undefined after rbuf_full cleared; repeated reads are implementation-defined
  Model    : VP model: m_rbuf retains last value; second read returns same byte
  Fix      : Document VP behaviour — second read of RBUF after rbuf_full cleared returns stale value
[PASS] ADV-006 RBUF first read correct (stale re-read behaviour documented)

================================================
  Suite    : advanced
  Passed   : 6
  Failed   : 0
  RESULT   : ALL PASSED
================================================

Info: /OSCI/SystemC: Simulation stopped by user.
=[ core : 0 ]===========================
simulation time: 1912950 ns
zero (x0) =        0
ra   (x1) = 80000dac
sp   (x2) = 80fdfff0
gp   (x3) =        0
tp   (x4) =        0
t0   (x5) = 8000db04
t1   (x6) = 8000db04
t2   (x7) =        0
s0/fp(x8) =        0
s1   (x9) =       f7
a0  (x10) = 80001926
a1  (x11) =        9
a2  (x12) = 80fdffd4
a3  (x13) =        a
a4  (x14) =  9004004
a5  (x15) =  9010000
a6  (x16) = 80fdffd4
a7  (x17) =        0
s2  (x18) =       f7
s3  (x19) =        0
s4  (x20) =        0
s5  (x21) =        0
s6  (x22) =        0
s7  (x23) =        0
s8  (x24) =        0
s9  (x25) =        0
s10 (x26) =        0
s11 (x27) =        0
t3  (x28) =        0
t4  (x29) =        0
t5  (x30) =        0
t6  (x31) =        0
pc = 80000db4
num-instr = 62455
num-cycles (mcycle) = 113244
