
        SystemC 3.0.1-Accellera --- May 15 2026 07:47:57
        Copyright (c) 1996-2024 by all Contributors,
        ALL RIGHTS RESERVED

================================================
  USART2 NEGATIVE TESTS (NEG-001..007)
================================================
NEG-001: Write BG (0x0C) — must not crash VP or break transfers
[PASS] NEG-001 BG write no-op: VP continues correctly
NEG-002: Write FDR (0x10) — must not crash VP or break transfers
[PASS] NEG-002 FDR write no-op: VP continues correctly
NEG-003: Write STATUS=0 must not clear any bits (W1C)
[PASS] NEG-003 Write-0 does not clear STATUS bits (correct W1C)
NEG-004: Write STATUS=0xFFFFFFFF clears all bits
[PASS] NEG-004 STATUS=0 after writing all 1s (W1C correct)
NEG-005: Overrun with OEN=0 — EIR must be suppressed
[PASS] NEG-005 EIR correctly absent when OEN=0
NEG-006: Reserved CON bits — no side effects on transfers
[PASS] NEG-006 Reserved CON bits: transfer unaffected
NEG-007: Write to undefined offset 0x30 — must not crash
[PASS] NEG-007 Unknown offset write: VP unaffected

================================================
  Suite    : negative
  Passed   : 7
  Failed   : 0
  RESULT   : ALL PASSED
================================================

Info: /OSCI/SystemC: Simulation stopped by user.
=[ core : 0 ]===========================
simulation time: 1766280 ns
zero (x0) =        0
ra   (x1) = 80000a8a
sp   (x2) = 80fdfff0
gp   (x3) =        0
tp   (x4) =        0
t0   (x5) = 8000d520
t1   (x6) = 8000d520
t2   (x7) =        0
s0/fp(x8) =        0
s1   (x9) =        0
a0  (x10) = 8000137a
a1  (x11) =        9
a2  (x12) = 80fdffd4
a3  (x13) =        a
a4  (x14) =  9004004
a5  (x15) =  9010000
a6  (x16) = 80fdffd4
a7  (x17) = 80001510
s2  (x18) =        0
s3  (x19) =        0
s4  (x20) =        0
s5  (x21) =        0
s6  (x22) =        0
s7  (x23) =        0
s8  (x24) =        0
s9  (x25) =        0
s10 (x26) =        0
s11 (x27) =        0
t3  (x28) =        0
t4  (x29) =        0
t5  (x30) =        0
t6  (x31) =        0
pc = 80000a92
num-instr = 57038
num-cycles (mcycle) = 104767
