
        SystemC 3.0.1-Accellera --- May 15 2026 07:47:57
        Copyright (c) 1996-2024 by all Contributors,
        ALL RIGHTS RESERVED

================================================
  USART2 PERFORMANCE TESTS (PERF-001..004)
================================================
PERF-001: 32-byte A→B throughput (no loss)
  total events=0x00000060
[PASS] PERF-001 32-byte throughput: no data loss
PERF-002: TBIR arrives within first WFI after TBUF write
[PASS] PERF-002 TBIR arrives within 1 WFI of TBUF write
PERF-003: RIR follows TBIR on all 16 transfers
[PASS] PERF-003 RIR after TBIR on all 16 transfers
PERF-004: 32 bytes → ≥64 interrupt events (TBIR+RIR each)
  total=0x00000060  TBIR_A=0x00000020  RIR_B=0x00000020
[PASS] PERF-004 Interrupt count correct: 32 TBIR_A + 32 RIR_B

================================================
  Suite    : performance
  Passed   : 4
  Failed   : 0
  RESULT   : ALL PASSED
================================================

Info: /OSCI/SystemC: Simulation stopped by user.
=[ core : 0 ]===========================
simulation time: 2885280 ns
zero (x0) =        0
ra   (x1) = 80000a30
sp   (x2) = 80fdffd0
gp   (x3) =        0
tp   (x4) =        0
t0   (x5) = 8000d1fc
t1   (x6) = 8000d1fc
t2   (x7) =        0
s0/fp(x8) =        0
s1   (x9) =       20
a0  (x10) = 80000fc2
a1  (x11) =        9
a2  (x12) = 80fdffb4
a3  (x13) =        a
a4  (x14) =  9004004
a5  (x15) =  9010000
a6  (x16) = 80fdffb4
a7  (x17) =        0
s2  (x18) =       60
s3  (x19) =       60
s4  (x20) = 800011ec
s5  (x21) =       93
s6  (x22) =        1
s7  (x23) =        0
s8  (x24) = 80000a98
s9  (x25) = 80000d68
s10 (x26) =       90
s11 (x27) =        0
t3  (x28) =        0
t4  (x29) =        0
t5  (x30) =        0
t6  (x31) =        0
pc = 80000a38
num-instr = 87861
num-cycles (mcycle) = 172505
