
        SystemC 3.0.1-Accellera --- May 15 2026 07:47:57
        Copyright (c) 1996-2024 by all Contributors,
        ALL RIGHTS RESERVED

================================================
  USART2 STRESS TESTS (STR-001..003)
================================================
STR-001: 100 sequential A→B bytes (pattern 0x00..0x63)
  total errors=0x00000000
[PASS] STR-001 100-byte sequential: no errors
STR-002: 50 alternating A→B / B→A transfers
  total errors=0x00000000
[PASS] STR-002 50-pair alternating transfers: no errors
STR-003: 10-cycle overrun → drain → normal receive
  EIR_B count=0x0000000A  RIR_B count=0x0000000A
[PASS] STR-003 Overrun+recovery 10 cycles: EIR and RIR counts correct

================================================
  Suite    : stress
  Passed   : 3
  Failed   : 0
  RESULT   : ALL PASSED
================================================

Info: /OSCI/SystemC: Simulation stopped by user.
=[ core : 0 ]===========================
simulation time: 4003580 ns
zero (x0) =        0
ra   (x1) = 800009c2
sp   (x2) = 80fdffd0
gp   (x3) =        0
tp   (x4) =        0
t0   (x5) = 8000d034
t1   (x6) = 80001024
t2   (x7) =        0
s0/fp(x8) =        0
s1   (x9) =        a
a0  (x10) = 80000e9a
a1  (x11) =        9
a2  (x12) = 80fdffb4
a3  (x13) =        a
a4  (x14) =  9004004
a5  (x15) =  9010000
a6  (x16) = 80fdffb4
a7  (x17) =       50
s2  (x18) =  9002004
s3  (x19) =  9003008
s4  (x20) =        a
s5  (x21) =       ff
s6  (x22) = 80000b44
s7  (x23) = 80000d58
s8  (x24) =      1c2
s9  (x25) = 80000b48
s10 (x26) =        0
s11 (x27) =        0
t3  (x28) =        0
t4  (x29) =        0
t5  (x30) =        0
t6  (x31) =        0
pc = 800009ca
num-instr = 116977
num-cycles (mcycle) = 241077
