
        SystemC 3.0.1-Accellera --- May 15 2026 07:47:57
        Copyright (c) 1996-2024 by all Contributors,
        ALL RIGHTS RESERVED

================================================
  USART2 CLOCK/TIMING TESTS (CLK-001..004)
================================================
CLK-001: TBIR sets STATUS immediately after TBUF write
[PASS] CLK-001 TBIR bit set in STATUS immediately after TBUF write
CLK-002: TIR fires as a separate ISR from TBIR
[PASS] CLK-002 TIR appears as separate log entry after TBIR
CLK-003: RIR_B arrives after TBIR_A (non-zero frame delay)
[PASS] CLK-003 RIR_B arrives at or after TBIR_A (correct frame ordering)
CLK-004: TBIR before TIR across 4 consecutive sends
[PASS] CLK-004 TBIR precedes TIR on all 4 consecutive transfers

================================================
  Suite    : clock
  Passed   : 4
  Failed   : 0
  RESULT   : ALL PASSED
================================================

Info: /OSCI/SystemC: Simulation stopped by user.
=[ core : 0 ]===========================
simulation time: 287030 ns
zero (x0) =        0
ra   (x1) = 800009f8
sp   (x2) = 80fdffb0
gp   (x3) =        0
tp   (x4) =        0
t0   (x5) = 800019b0
t1   (x6) = 800019b0
t2   (x7) =        0
s0/fp(x8) =        0
s1   (x9) =       12
a0  (x10) = 8000121e
a1  (x11) =        9
a2  (x12) = 80fdff94
a3  (x13) =        a
a4  (x14) =  9004004
a5  (x15) =  9010000
a6  (x16) = 80fdff94
a7  (x17) =        0
s2  (x18) =  9002000
s3  (x19) =        4
s4  (x20) =  9002004
s5  (x21) =  9003008
s6  (x22) = 800013a0
s7  (x23) =        4
s8  (x24) =        1
s9  (x25) =        0
s10 (x26) = 80000a80
s11 (x27) = 800010f0
t3  (x28) =        0
t4  (x29) =        0
t5  (x30) =        0
t6  (x31) =        0
pc = 80000a00
num-instr = 8155
num-cycles (mcycle) = 18015
