
        SystemC 3.0.1-Accellera --- May 15 2026 07:47:57
        Copyright (c) 1996-2024 by all Contributors,
        ALL RIGHTS RESERVED

================================================
  USART2 PERFORMANCE TESTS (PERF-001..004)
================================================
PERF-001: 32-byte A→B throughput (no loss)
  total events=0x00000060
[PASS] PERF-001 32-byte throughput: no data loss
PERF-002: TBIR arrives within first WFI after TBUF write
[PASS] PERF-002 TBIR arrives within 1 WFI of TBUF write
PERF-003: RIR follows TBIR on all 16 transfers
=[ core : 0 ]===========================
simulation time: 755490 ns
zero (x0) =        0
ra   (x1) = 80000134
sp   (x2) = 80fdffc0
gp   (x3) =        0
tp   (x4) =        0
t0   (x5) = 80001804
t1   (x6) = 80001804
t2   (x7) =        0
s0/fp(x8) =       50
s1   (x9) =        2
a0  (x10) = ffffffff
a1  (x11) =        2
a2  (x12) =        4
a3  (x13) =       80
a4  (x14) = 800011f4
a5  (x15) =        1
a6  (x16) =        0
a7  (x17) =        0
s2  (x18) =       7e
s3  (x19) =  9003008
s4  (x20) = 800011f4
s5  (x21) =       10
s6  (x22) =        1
s7  (x23) =        0
s8  (x24) = 80000a9c
s9  (x25) = 80000d6c
s10 (x26) =       7e
s11 (x27) =        0
t3  (x28) =        0
t4  (x29) =        0
t5  (x30) =        0
t6  (x31) =        0
pc = 8000013c
num-instr = 20492
num-cycles (mcycle) = 46415
